<?xml version="1.0" encoding="UTF-8"?>
<!-- Generated by org.testng.reporters.JUnitReportReporter -->
<testsuite hostname="DESKTOP-5KTEE61" failures="0" tests="1" name="runners.TestRunner" time="32.556" errors="0" timestamp="2025-05-30T17:59:19 IST" skipped="0">
  <testcase classname="runners.TestRunner" name="runScenario" time="32.556"/>
</testsuite> <!-- runners.TestRunner -->
